16:30:24.762 [qtp403038319-17] DEBUG com.mycompany.sensorrest.MainClass - start load log
16:31:49.871 [qtp403038319-17] DEBUG com.mycompany.sensorrest.MainClass - loaded log
16:33:43.764 [qtp403038319-20] DEBUG com.mycompany.sensorrest.MainClass - start load log
16:33:43.769 [qtp403038319-20] DEBUG com.mycompany.sensorrest.MainClass - loaded log
16:33:55.422 [qtp403038319-22] DEBUG com.mycompany.sensorrest.MainClass - start load log
16:33:55.426 [qtp403038319-22] DEBUG com.mycompany.sensorrest.MainClass - loaded log
16:34:09.542 [qtp403038319-23] DEBUG com.mycompany.sensorrest.MainClass - start load log
16:34:09.547 [qtp403038319-23] DEBUG com.mycompany.sensorrest.MainClass - loaded log
16:34:13.747 [qtp403038319-22] DEBUG com.mycompany.sensorrest.MainClass - start load log
16:34:13.753 [qtp403038319-22] DEBUG com.mycompany.sensorrest.MainClass - loaded log
16:55:45.188 [qtp2063138563-22] DEBUG com.mycompany.sensorrest.MainClass - start load log
16:55:45.207 [qtp2063138563-22] DEBUG com.mycompany.sensorrest.MainClass - loaded log
16:55:48.253 [qtp2063138563-28] DEBUG com.mycompany.sensorrest.MainClass - start load log
16:55:48.258 [qtp2063138563-28] DEBUG com.mycompany.sensorrest.MainClass - loaded log
16:55:53.395 [qtp2063138563-20] DEBUG com.mycompany.sensorrest.MainClass - start load log
16:55:53.403 [qtp2063138563-20] DEBUG com.mycompany.sensorrest.MainClass - loaded log
16:58:36.312 [qtp2063138563-23] DEBUG com.mycompany.sensorrest.MainClass - start load log
16:58:36.317 [qtp2063138563-23] DEBUG com.mycompany.sensorrest.MainClass - loaded log
bla14:06:44.281 [main] DEBUG com.RDFHSalzburg.sensorrest.MainClass - blaaaaaaaaaaaaaaaaaaaaaaaaaa
14:08:14.535 [qtp1927692256-19] DEBUG com.RDFHSalzburg.sensorrest.MainClass - start process: restartGateway
14:08:14.582 [qtp1927692256-19] DEBUG com.RDFHSalzburg.sensorrest.MainClass - 
14:08:14.583 [qtp1927692256-19] DEBUG com.RDFHSalzburg.sensorrest.MainClass - E:\FHS\R_D\Repos\R-D-SensorRest>echo restart Gateway 
14:08:14.583 [qtp1927692256-19] DEBUG com.RDFHSalzburg.sensorrest.MainClass - restart Gateway
14:10:06.502 [qtp1746629867-18] DEBUG com.RDFHSalzburg.sensorrest.MainClass - start process: restartGateway
14:10:06.550 [qtp1746629867-18] DEBUG com.RDFHSalzburg.sensorrest.MainClass - null
14:11:35.580 [qtp1927692256-18] DEBUG com.RDFHSalzburg.sensorrest.MainClass - start process: restartGateway
14:12:35.171 [qtp2134226959-19] DEBUG com.RDFHSalzburg.sensorrest.MainClass - start process: restartGateway
14:12:35.293 [qtp2134226959-19] DEBUG com.RDFHSalzburg.sensorrest.MainClass - 
14:12:35.293 [qtp2134226959-19] DEBUG com.RDFHSalzburg.sensorrest.MainClass - E:\FHS\R_D\Repos\R-D-SensorRest>echo restart Gateway 
14:12:35.293 [qtp2134226959-19] DEBUG com.RDFHSalzburg.sensorrest.MainClass - restart Gateway
